2013/03/30：Ver.0.1.0リリース
・サウンドが停止しないバグを修正
バージョンコード: 10
2013/03/30：Ver.0.0.9リリース
・BackButton対応
バージョンコード: 9
2013/01/30：Ver.0.0.8リリース
・通過監視ロジックを見直し
  バージョンコード: 8
2013/01/29：Ver.0.0.7リリース
・アクション要素の難易度調整
  バージョンコード: 7
2013/01/22：Ver.0.0.6リリース
・Android4.2での表示不具合対応
  バージョンコード: 6
2013/01/19：Ver.0.0.5リリース
・不具合対応された環境で再ビルド(-4.1.1:OK, 4.2:NG)
・広告掲載内容を変更
  バージョンコード: 5
2013/01/14：Ver.0.0.4リリース
・不具合対応された環境で再ビルド
  バージョンコード: 4
2013/01/14：Ver.0.0.3リリース
・passkeyのクリア判定処理を見直し
  バージョンコード: 3
2013/01/08：Ver.0.0.2リリース
・タイトル画面の広告を除去
  バージョンコード: 2
2013/01/06：Ver.0.0.1リリース
  バージョンコード: 1
